<?xml version="1.0" encoding="UTF-8"?>
<!-- Generated by org.testng.reporters.JUnitXMLReporter -->
<testsuite hostname="Deebz-PC" ignored="0" name="Default test" tests="4" failures="0" timestamp="2022-07-13T16:27:29 BST" time="30.853" errors="0">
  <testcase name="loginTest" time="2.55" classname="com.test.scripts.regression.ValidateLoginPOM2UsingDataProviderExcelRecommended"/>
  <testcase name="loginTest" time="0.714" classname="com.test.scripts.regression.ValidateLoginPOM2UsingDataProviderExcelRecommended"/>
  <testcase name="loginTest" time="0.702" classname="com.test.scripts.regression.ValidateLoginPOM2UsingDataProviderExcelRecommended"/>
  <testcase name="loginTest" time="0.747" classname="com.test.scripts.regression.ValidateLoginPOM2UsingDataProviderExcelRecommended"/>
</testsuite> <!-- Default test -->
